<?xml version="1.0" encoding="UTF-8"?>
<testsuite name="hello.core.discount.RateDiscountPolicyTest" tests="2" skipped="0" failures="0" errors="0" timestamp="2025-07-06T09:06:51.747Z" hostname="kwonui-MacBookAir.local" time="0.019">
  <properties/>
  <testcase name="VIP 회원은 10% 할인이 적용 되어야 한다" classname="hello.core.discount.RateDiscountPolicyTest" time="0.018"/>
  <testcase name="VIP 회원이 아니면 할인이 적용되지 않아야 한다" classname="hello.core.discount.RateDiscountPolicyTest" time="0.0"/>
  <system-out><![CDATA[]]></system-out>
  <system-err><![CDATA[]]></system-err>
</testsuite>
